ERROR - 2023-03-05 08:53:17 --> Error connecting to the database: Access denied for user ''@'localhost' (using password: NO)
CRITICAL - 2023-03-05 08:53:17 --> Unable to connect to the database.
#0 C:\xampp\htdocs\apk_spp\vendor\codeigniter4\framework\system\Database\BaseConnection.php(620): CodeIgniter\Database\BaseConnection->initialize()
#1 C:\xampp\htdocs\apk_spp\vendor\codeigniter4\framework\system\Database\BaseBuilder.php(1866): CodeIgniter\Database\BaseConnection->query('SELECT *\nFROM `...', Array, false)
#2 C:\xampp\htdocs\apk_spp\vendor\codeigniter4\framework\system\Model.php(174): CodeIgniter\Database\BaseBuilder->get()
#3 C:\xampp\htdocs\apk_spp\vendor\codeigniter4\framework\system\BaseModel.php(518): CodeIgniter\Model->doFind(false, NULL)
#4 C:\xampp\htdocs\apk_spp\app\Controllers\Siswa.php(132): CodeIgniter\BaseModel->find()
#5 C:\xampp\htdocs\apk_spp\vendor\codeigniter4\framework\system\CodeIgniter.php(935): App\Controllers\Siswa->loginSiswa()
#6 C:\xampp\htdocs\apk_spp\vendor\codeigniter4\framework\system\CodeIgniter.php(431): CodeIgniter\CodeIgniter->runController(Object(App\Controllers\Siswa))
#7 C:\xampp\htdocs\apk_spp\vendor\codeigniter4\framework\system\CodeIgniter.php(332): CodeIgniter\CodeIgniter->handleRequest(NULL, Object(Config\Cache), false)
#8 C:\xampp\htdocs\apk_spp\public\index.php(44): CodeIgniter\CodeIgniter->run()
#9 C:\xampp\htdocs\apk_spp\vendor\codeigniter4\framework\system\Commands\Server\rewrite.php(45): require_once('C:\\xampp\\htdocs...')
#10 {main}
ERROR - 2023-03-05 08:53:58 --> Error connecting to the database: Access denied for user ''@'localhost' (using password: NO)
CRITICAL - 2023-03-05 08:53:58 --> Unable to connect to the database.
#0 C:\xampp\htdocs\apk_spp\vendor\codeigniter4\framework\system\Database\BaseConnection.php(620): CodeIgniter\Database\BaseConnection->initialize()
#1 C:\xampp\htdocs\apk_spp\vendor\codeigniter4\framework\system\Database\BaseBuilder.php(1866): CodeIgniter\Database\BaseConnection->query('SELECT *\nFROM `...', Array, false)
#2 C:\xampp\htdocs\apk_spp\vendor\codeigniter4\framework\system\Model.php(174): CodeIgniter\Database\BaseBuilder->get()
#3 C:\xampp\htdocs\apk_spp\vendor\codeigniter4\framework\system\BaseModel.php(518): CodeIgniter\Model->doFind(false, NULL)
#4 C:\xampp\htdocs\apk_spp\app\Controllers\PetugasController.php(34): CodeIgniter\BaseModel->find()
#5 C:\xampp\htdocs\apk_spp\vendor\codeigniter4\framework\system\CodeIgniter.php(935): App\Controllers\PetugasController->login()
#6 C:\xampp\htdocs\apk_spp\vendor\codeigniter4\framework\system\CodeIgniter.php(431): CodeIgniter\CodeIgniter->runController(Object(App\Controllers\PetugasController))
#7 C:\xampp\htdocs\apk_spp\vendor\codeigniter4\framework\system\CodeIgniter.php(332): CodeIgniter\CodeIgniter->handleRequest(NULL, Object(Config\Cache), false)
#8 C:\xampp\htdocs\apk_spp\public\index.php(44): CodeIgniter\CodeIgniter->run()
#9 C:\xampp\htdocs\apk_spp\vendor\codeigniter4\framework\system\Commands\Server\rewrite.php(45): require_once('C:\\xampp\\htdocs...')
#10 {main}
ERROR - 2023-03-05 08:55:33 --> Error connecting to the database: Access denied for user ''@'localhost' (using password: NO)
CRITICAL - 2023-03-05 08:55:33 --> Unable to connect to the database.
#0 C:\xampp\htdocs\apk_spp\vendor\codeigniter4\framework\system\Database\BaseConnection.php(620): CodeIgniter\Database\BaseConnection->initialize()
#1 C:\xampp\htdocs\apk_spp\vendor\codeigniter4\framework\system\Database\BaseBuilder.php(1866): CodeIgniter\Database\BaseConnection->query('SELECT *\nFROM `...', Array, false)
#2 C:\xampp\htdocs\apk_spp\vendor\codeigniter4\framework\system\Model.php(174): CodeIgniter\Database\BaseBuilder->get()
#3 C:\xampp\htdocs\apk_spp\vendor\codeigniter4\framework\system\BaseModel.php(518): CodeIgniter\Model->doFind(false, NULL)
#4 C:\xampp\htdocs\apk_spp\app\Controllers\PetugasController.php(34): CodeIgniter\BaseModel->find()
#5 C:\xampp\htdocs\apk_spp\vendor\codeigniter4\framework\system\CodeIgniter.php(935): App\Controllers\PetugasController->login()
#6 C:\xampp\htdocs\apk_spp\vendor\codeigniter4\framework\system\CodeIgniter.php(431): CodeIgniter\CodeIgniter->runController(Object(App\Controllers\PetugasController))
#7 C:\xampp\htdocs\apk_spp\vendor\codeigniter4\framework\system\CodeIgniter.php(332): CodeIgniter\CodeIgniter->handleRequest(NULL, Object(Config\Cache), false)
#8 C:\xampp\htdocs\apk_spp\public\index.php(44): CodeIgniter\CodeIgniter->run()
#9 C:\xampp\htdocs\apk_spp\vendor\codeigniter4\framework\system\Commands\Server\rewrite.php(45): require_once('C:\\xampp\\htdocs...')
#10 {main}
ERROR - 2023-03-05 08:56:12 --> Error connecting to the database: Access denied for user ''@'localhost' (using password: NO)
CRITICAL - 2023-03-05 08:56:12 --> Unable to connect to the database.
#0 C:\xampp\htdocs\apk_spp\vendor\codeigniter4\framework\system\Database\BaseConnection.php(620): CodeIgniter\Database\BaseConnection->initialize()
#1 C:\xampp\htdocs\apk_spp\vendor\codeigniter4\framework\system\Database\BaseBuilder.php(1866): CodeIgniter\Database\BaseConnection->query('SELECT *\nFROM `...', Array, false)
#2 C:\xampp\htdocs\apk_spp\vendor\codeigniter4\framework\system\Model.php(174): CodeIgniter\Database\BaseBuilder->get()
#3 C:\xampp\htdocs\apk_spp\vendor\codeigniter4\framework\system\BaseModel.php(518): CodeIgniter\Model->doFind(false, NULL)
#4 C:\xampp\htdocs\apk_spp\app\Controllers\PetugasController.php(34): CodeIgniter\BaseModel->find()
#5 C:\xampp\htdocs\apk_spp\vendor\codeigniter4\framework\system\CodeIgniter.php(935): App\Controllers\PetugasController->login()
#6 C:\xampp\htdocs\apk_spp\vendor\codeigniter4\framework\system\CodeIgniter.php(431): CodeIgniter\CodeIgniter->runController(Object(App\Controllers\PetugasController))
#7 C:\xampp\htdocs\apk_spp\vendor\codeigniter4\framework\system\CodeIgniter.php(332): CodeIgniter\CodeIgniter->handleRequest(NULL, Object(Config\Cache), false)
#8 C:\xampp\htdocs\apk_spp\public\index.php(44): CodeIgniter\CodeIgniter->run()
#9 C:\xampp\htdocs\apk_spp\vendor\codeigniter4\framework\system\Commands\Server\rewrite.php(45): require_once('C:\\xampp\\htdocs...')
#10 {main}
ERROR - 2023-03-05 08:57:53 --> Error connecting to the database: Access denied for user ''@'localhost' (using password: NO)
CRITICAL - 2023-03-05 08:57:53 --> Unable to connect to the database.
#0 C:\xampp\htdocs\apk_spp\vendor\codeigniter4\framework\system\Database\BaseConnection.php(620): CodeIgniter\Database\BaseConnection->initialize()
#1 C:\xampp\htdocs\apk_spp\vendor\codeigniter4\framework\system\Database\BaseBuilder.php(1866): CodeIgniter\Database\BaseConnection->query('SELECT *\nFROM `...', Array, false)
#2 C:\xampp\htdocs\apk_spp\vendor\codeigniter4\framework\system\Model.php(174): CodeIgniter\Database\BaseBuilder->get()
#3 C:\xampp\htdocs\apk_spp\vendor\codeigniter4\framework\system\BaseModel.php(518): CodeIgniter\Model->doFind(false, NULL)
#4 C:\xampp\htdocs\apk_spp\app\Controllers\PetugasController.php(34): CodeIgniter\BaseModel->find()
#5 C:\xampp\htdocs\apk_spp\vendor\codeigniter4\framework\system\CodeIgniter.php(935): App\Controllers\PetugasController->login()
#6 C:\xampp\htdocs\apk_spp\vendor\codeigniter4\framework\system\CodeIgniter.php(431): CodeIgniter\CodeIgniter->runController(Object(App\Controllers\PetugasController))
#7 C:\xampp\htdocs\apk_spp\vendor\codeigniter4\framework\system\CodeIgniter.php(332): CodeIgniter\CodeIgniter->handleRequest(NULL, Object(Config\Cache), false)
#8 C:\xampp\htdocs\apk_spp\public\index.php(44): CodeIgniter\CodeIgniter->run()
#9 C:\xampp\htdocs\apk_spp\vendor\codeigniter4\framework\system\Commands\Server\rewrite.php(45): require_once('C:\\xampp\\htdocs...')
#10 {main}
ERROR - 2023-03-05 08:58:24 --> Error connecting to the database: Access denied for user ''@'localhost' (using password: NO)
CRITICAL - 2023-03-05 08:58:24 --> Unable to connect to the database.
#0 C:\xampp\htdocs\apk_spp\vendor\codeigniter4\framework\system\Database\BaseConnection.php(620): CodeIgniter\Database\BaseConnection->initialize()
#1 C:\xampp\htdocs\apk_spp\vendor\codeigniter4\framework\system\Database\BaseBuilder.php(1866): CodeIgniter\Database\BaseConnection->query('SELECT *\nFROM `...', Array, false)
#2 C:\xampp\htdocs\apk_spp\vendor\codeigniter4\framework\system\Model.php(174): CodeIgniter\Database\BaseBuilder->get()
#3 C:\xampp\htdocs\apk_spp\vendor\codeigniter4\framework\system\BaseModel.php(518): CodeIgniter\Model->doFind(false, NULL)
#4 C:\xampp\htdocs\apk_spp\app\Controllers\PetugasController.php(34): CodeIgniter\BaseModel->find()
#5 C:\xampp\htdocs\apk_spp\vendor\codeigniter4\framework\system\CodeIgniter.php(935): App\Controllers\PetugasController->login()
#6 C:\xampp\htdocs\apk_spp\vendor\codeigniter4\framework\system\CodeIgniter.php(431): CodeIgniter\CodeIgniter->runController(Object(App\Controllers\PetugasController))
#7 C:\xampp\htdocs\apk_spp\vendor\codeigniter4\framework\system\CodeIgniter.php(332): CodeIgniter\CodeIgniter->handleRequest(NULL, Object(Config\Cache), false)
#8 C:\xampp\htdocs\apk_spp\public\index.php(44): CodeIgniter\CodeIgniter->run()
#9 C:\xampp\htdocs\apk_spp\vendor\codeigniter4\framework\system\Commands\Server\rewrite.php(45): require_once('C:\\xampp\\htdocs...')
#10 {main}
ERROR - 2023-03-05 09:01:05 --> Error connecting to the database: Access denied for user ''@'localhost' (using password: NO)
CRITICAL - 2023-03-05 09:01:05 --> Unable to connect to the database.
#0 C:\xampp\htdocs\apk_spp\vendor\codeigniter4\framework\system\Database\BaseConnection.php(620): CodeIgniter\Database\BaseConnection->initialize()
#1 C:\xampp\htdocs\apk_spp\vendor\codeigniter4\framework\system\Database\BaseBuilder.php(1866): CodeIgniter\Database\BaseConnection->query('SELECT *\nFROM `...', Array, false)
#2 C:\xampp\htdocs\apk_spp\vendor\codeigniter4\framework\system\Model.php(174): CodeIgniter\Database\BaseBuilder->get()
#3 C:\xampp\htdocs\apk_spp\vendor\codeigniter4\framework\system\BaseModel.php(518): CodeIgniter\Model->doFind(false, NULL)
#4 C:\xampp\htdocs\apk_spp\app\Controllers\PetugasController.php(34): CodeIgniter\BaseModel->find()
#5 C:\xampp\htdocs\apk_spp\vendor\codeigniter4\framework\system\CodeIgniter.php(935): App\Controllers\PetugasController->login()
#6 C:\xampp\htdocs\apk_spp\vendor\codeigniter4\framework\system\CodeIgniter.php(431): CodeIgniter\CodeIgniter->runController(Object(App\Controllers\PetugasController))
#7 C:\xampp\htdocs\apk_spp\vendor\codeigniter4\framework\system\CodeIgniter.php(332): CodeIgniter\CodeIgniter->handleRequest(NULL, Object(Config\Cache), false)
#8 C:\xampp\htdocs\apk_spp\public\index.php(44): CodeIgniter\CodeIgniter->run()
#9 C:\xampp\htdocs\apk_spp\vendor\codeigniter4\framework\system\Commands\Server\rewrite.php(45): require_once('C:\\xampp\\htdocs...')
#10 {main}
ERROR - 2023-03-05 09:01:21 --> Error connecting to the database: Access denied for user ''@'localhost' (using password: NO)
CRITICAL - 2023-03-05 09:01:21 --> Unable to connect to the database.
#0 C:\xampp\htdocs\apk_spp\vendor\codeigniter4\framework\system\Database\BaseConnection.php(620): CodeIgniter\Database\BaseConnection->initialize()
#1 C:\xampp\htdocs\apk_spp\vendor\codeigniter4\framework\system\Database\BaseBuilder.php(1866): CodeIgniter\Database\BaseConnection->query('SELECT *\nFROM `...', Array, false)
#2 C:\xampp\htdocs\apk_spp\vendor\codeigniter4\framework\system\Model.php(174): CodeIgniter\Database\BaseBuilder->get()
#3 C:\xampp\htdocs\apk_spp\vendor\codeigniter4\framework\system\BaseModel.php(518): CodeIgniter\Model->doFind(false, NULL)
#4 C:\xampp\htdocs\apk_spp\app\Controllers\PetugasController.php(34): CodeIgniter\BaseModel->find()
#5 C:\xampp\htdocs\apk_spp\vendor\codeigniter4\framework\system\CodeIgniter.php(935): App\Controllers\PetugasController->login()
#6 C:\xampp\htdocs\apk_spp\vendor\codeigniter4\framework\system\CodeIgniter.php(431): CodeIgniter\CodeIgniter->runController(Object(App\Controllers\PetugasController))
#7 C:\xampp\htdocs\apk_spp\vendor\codeigniter4\framework\system\CodeIgniter.php(332): CodeIgniter\CodeIgniter->handleRequest(NULL, Object(Config\Cache), false)
#8 C:\xampp\htdocs\apk_spp\public\index.php(44): CodeIgniter\CodeIgniter->run()
#9 C:\xampp\htdocs\apk_spp\vendor\codeigniter4\framework\system\Commands\Server\rewrite.php(45): require_once('C:\\xampp\\htdocs...')
#10 {main}
ERROR - 2023-03-05 09:06:56 --> Error connecting to the database: Access denied for user ''@'localhost' (using password: NO)
CRITICAL - 2023-03-05 09:06:56 --> Unable to connect to the database.
#0 C:\xampp\htdocs\apk_spp\vendor\codeigniter4\framework\system\Database\BaseConnection.php(620): CodeIgniter\Database\BaseConnection->initialize()
#1 C:\xampp\htdocs\apk_spp\vendor\codeigniter4\framework\system\Database\BaseBuilder.php(1866): CodeIgniter\Database\BaseConnection->query('SELECT *\nFROM `...', Array, false)
#2 C:\xampp\htdocs\apk_spp\vendor\codeigniter4\framework\system\Model.php(174): CodeIgniter\Database\BaseBuilder->get()
#3 C:\xampp\htdocs\apk_spp\vendor\codeigniter4\framework\system\BaseModel.php(518): CodeIgniter\Model->doFind(false, NULL)
#4 C:\xampp\htdocs\apk_spp\app\Controllers\Siswa.php(132): CodeIgniter\BaseModel->find()
#5 C:\xampp\htdocs\apk_spp\vendor\codeigniter4\framework\system\CodeIgniter.php(935): App\Controllers\Siswa->loginSiswa()
#6 C:\xampp\htdocs\apk_spp\vendor\codeigniter4\framework\system\CodeIgniter.php(431): CodeIgniter\CodeIgniter->runController(Object(App\Controllers\Siswa))
#7 C:\xampp\htdocs\apk_spp\vendor\codeigniter4\framework\system\CodeIgniter.php(332): CodeIgniter\CodeIgniter->handleRequest(NULL, Object(Config\Cache), false)
#8 C:\xampp\htdocs\apk_spp\public\index.php(44): CodeIgniter\CodeIgniter->run()
#9 C:\xampp\htdocs\apk_spp\vendor\codeigniter4\framework\system\Commands\Server\rewrite.php(45): require_once('C:\\xampp\\htdocs...')
#10 {main}
ERROR - 2023-03-05 09:07:27 --> Error connecting to the database: Access denied for user ''@'localhost' (using password: NO)
CRITICAL - 2023-03-05 09:07:27 --> Unable to connect to the database.
#0 C:\xampp\htdocs\apk_spp\vendor\codeigniter4\framework\system\Database\BaseConnection.php(620): CodeIgniter\Database\BaseConnection->initialize()
#1 C:\xampp\htdocs\apk_spp\vendor\codeigniter4\framework\system\Database\BaseBuilder.php(1866): CodeIgniter\Database\BaseConnection->query('SELECT *\nFROM `...', Array, false)
#2 C:\xampp\htdocs\apk_spp\vendor\codeigniter4\framework\system\Model.php(174): CodeIgniter\Database\BaseBuilder->get()
#3 C:\xampp\htdocs\apk_spp\vendor\codeigniter4\framework\system\BaseModel.php(518): CodeIgniter\Model->doFind(false, NULL)
#4 C:\xampp\htdocs\apk_spp\app\Controllers\Siswa.php(132): CodeIgniter\BaseModel->find()
#5 C:\xampp\htdocs\apk_spp\vendor\codeigniter4\framework\system\CodeIgniter.php(935): App\Controllers\Siswa->loginSiswa()
#6 C:\xampp\htdocs\apk_spp\vendor\codeigniter4\framework\system\CodeIgniter.php(431): CodeIgniter\CodeIgniter->runController(Object(App\Controllers\Siswa))
#7 C:\xampp\htdocs\apk_spp\vendor\codeigniter4\framework\system\CodeIgniter.php(332): CodeIgniter\CodeIgniter->handleRequest(NULL, Object(Config\Cache), false)
#8 C:\xampp\htdocs\apk_spp\public\index.php(44): CodeIgniter\CodeIgniter->run()
#9 C:\xampp\htdocs\apk_spp\vendor\codeigniter4\framework\system\Commands\Server\rewrite.php(45): require_once('C:\\xampp\\htdocs...')
#10 {main}
ERROR - 2023-03-05 09:08:22 --> Error connecting to the database: Access denied for user ''@'localhost' (using password: NO)
CRITICAL - 2023-03-05 09:08:22 --> Unable to connect to the database.
#0 C:\xampp\htdocs\apk_spp\vendor\codeigniter4\framework\system\Database\BaseConnection.php(620): CodeIgniter\Database\BaseConnection->initialize()
#1 C:\xampp\htdocs\apk_spp\vendor\codeigniter4\framework\system\Database\BaseBuilder.php(1866): CodeIgniter\Database\BaseConnection->query('SELECT *\nFROM `...', Array, false)
#2 C:\xampp\htdocs\apk_spp\vendor\codeigniter4\framework\system\Model.php(174): CodeIgniter\Database\BaseBuilder->get()
#3 C:\xampp\htdocs\apk_spp\vendor\codeigniter4\framework\system\BaseModel.php(518): CodeIgniter\Model->doFind(false, NULL)
#4 C:\xampp\htdocs\apk_spp\app\Controllers\Siswa.php(132): CodeIgniter\BaseModel->find()
#5 C:\xampp\htdocs\apk_spp\vendor\codeigniter4\framework\system\CodeIgniter.php(935): App\Controllers\Siswa->loginSiswa()
#6 C:\xampp\htdocs\apk_spp\vendor\codeigniter4\framework\system\CodeIgniter.php(431): CodeIgniter\CodeIgniter->runController(Object(App\Controllers\Siswa))
#7 C:\xampp\htdocs\apk_spp\vendor\codeigniter4\framework\system\CodeIgniter.php(332): CodeIgniter\CodeIgniter->handleRequest(NULL, Object(Config\Cache), false)
#8 C:\xampp\htdocs\apk_spp\public\index.php(44): CodeIgniter\CodeIgniter->run()
#9 C:\xampp\htdocs\apk_spp\vendor\codeigniter4\framework\system\Commands\Server\rewrite.php(45): require_once('C:\\xampp\\htdocs...')
#10 {main}
ERROR - 2023-03-05 09:10:42 --> Error connecting to the database: Access denied for user ''@'localhost' (using password: NO)
CRITICAL - 2023-03-05 09:10:42 --> Unable to connect to the database.
#0 C:\xampp\htdocs\apk_spp\vendor\codeigniter4\framework\system\Database\BaseConnection.php(620): CodeIgniter\Database\BaseConnection->initialize()
#1 C:\xampp\htdocs\apk_spp\vendor\codeigniter4\framework\system\Database\BaseBuilder.php(1866): CodeIgniter\Database\BaseConnection->query('SELECT *\nFROM `...', Array, false)
#2 C:\xampp\htdocs\apk_spp\vendor\codeigniter4\framework\system\Model.php(174): CodeIgniter\Database\BaseBuilder->get()
#3 C:\xampp\htdocs\apk_spp\vendor\codeigniter4\framework\system\BaseModel.php(518): CodeIgniter\Model->doFind(false, NULL)
#4 C:\xampp\htdocs\apk_spp\app\Controllers\Siswa.php(132): CodeIgniter\BaseModel->find()
#5 C:\xampp\htdocs\apk_spp\vendor\codeigniter4\framework\system\CodeIgniter.php(935): App\Controllers\Siswa->loginSiswa()
#6 C:\xampp\htdocs\apk_spp\vendor\codeigniter4\framework\system\CodeIgniter.php(431): CodeIgniter\CodeIgniter->runController(Object(App\Controllers\Siswa))
#7 C:\xampp\htdocs\apk_spp\vendor\codeigniter4\framework\system\CodeIgniter.php(332): CodeIgniter\CodeIgniter->handleRequest(NULL, Object(Config\Cache), false)
#8 C:\xampp\htdocs\apk_spp\public\index.php(44): CodeIgniter\CodeIgniter->run()
#9 C:\xampp\htdocs\apk_spp\vendor\codeigniter4\framework\system\Commands\Server\rewrite.php(45): require_once('C:\\xampp\\htdocs...')
#10 {main}
ERROR - 2023-03-05 09:10:56 --> Error connecting to the database: Access denied for user ''@'localhost' (using password: NO)
CRITICAL - 2023-03-05 09:10:56 --> Unable to connect to the database.
#0 C:\xampp\htdocs\apk_spp\vendor\codeigniter4\framework\system\Database\BaseConnection.php(620): CodeIgniter\Database\BaseConnection->initialize()
#1 C:\xampp\htdocs\apk_spp\vendor\codeigniter4\framework\system\Database\BaseBuilder.php(1866): CodeIgniter\Database\BaseConnection->query('SELECT *\nFROM `...', Array, false)
#2 C:\xampp\htdocs\apk_spp\vendor\codeigniter4\framework\system\Model.php(174): CodeIgniter\Database\BaseBuilder->get()
#3 C:\xampp\htdocs\apk_spp\vendor\codeigniter4\framework\system\BaseModel.php(518): CodeIgniter\Model->doFind(false, NULL)
#4 C:\xampp\htdocs\apk_spp\app\Controllers\Siswa.php(132): CodeIgniter\BaseModel->find()
#5 C:\xampp\htdocs\apk_spp\vendor\codeigniter4\framework\system\CodeIgniter.php(935): App\Controllers\Siswa->loginSiswa()
#6 C:\xampp\htdocs\apk_spp\vendor\codeigniter4\framework\system\CodeIgniter.php(431): CodeIgniter\CodeIgniter->runController(Object(App\Controllers\Siswa))
#7 C:\xampp\htdocs\apk_spp\vendor\codeigniter4\framework\system\CodeIgniter.php(332): CodeIgniter\CodeIgniter->handleRequest(NULL, Object(Config\Cache), false)
#8 C:\xampp\htdocs\apk_spp\public\index.php(44): CodeIgniter\CodeIgniter->run()
#9 C:\xampp\htdocs\apk_spp\vendor\codeigniter4\framework\system\Commands\Server\rewrite.php(45): require_once('C:\\xampp\\htdocs...')
#10 {main}
ERROR - 2023-03-05 09:11:15 --> Error connecting to the database: Access denied for user ''@'localhost' (using password: NO)
CRITICAL - 2023-03-05 09:11:15 --> Unable to connect to the database.
#0 C:\xampp\htdocs\apk_spp\vendor\codeigniter4\framework\system\Database\BaseConnection.php(620): CodeIgniter\Database\BaseConnection->initialize()
#1 C:\xampp\htdocs\apk_spp\vendor\codeigniter4\framework\system\Database\BaseBuilder.php(1866): CodeIgniter\Database\BaseConnection->query('SELECT *\nFROM `...', Array, false)
#2 C:\xampp\htdocs\apk_spp\vendor\codeigniter4\framework\system\Model.php(174): CodeIgniter\Database\BaseBuilder->get()
#3 C:\xampp\htdocs\apk_spp\vendor\codeigniter4\framework\system\BaseModel.php(518): CodeIgniter\Model->doFind(false, NULL)
#4 C:\xampp\htdocs\apk_spp\app\Controllers\Siswa.php(132): CodeIgniter\BaseModel->find()
#5 C:\xampp\htdocs\apk_spp\vendor\codeigniter4\framework\system\CodeIgniter.php(935): App\Controllers\Siswa->loginSiswa()
#6 C:\xampp\htdocs\apk_spp\vendor\codeigniter4\framework\system\CodeIgniter.php(431): CodeIgniter\CodeIgniter->runController(Object(App\Controllers\Siswa))
#7 C:\xampp\htdocs\apk_spp\vendor\codeigniter4\framework\system\CodeIgniter.php(332): CodeIgniter\CodeIgniter->handleRequest(NULL, Object(Config\Cache), false)
#8 C:\xampp\htdocs\apk_spp\public\index.php(44): CodeIgniter\CodeIgniter->run()
#9 C:\xampp\htdocs\apk_spp\vendor\codeigniter4\framework\system\Commands\Server\rewrite.php(45): require_once('C:\\xampp\\htdocs...')
#10 {main}
