ERROR - 2023-03-16 06:12:40 --> Error connecting to the database: Unknown database 'appspp_ci4'
CRITICAL - 2023-03-16 06:12:40 --> Unable to connect to the database.
#0 C:\xampp1\htdocs\apk_spp\vendor\codeigniter4\framework\system\Database\BaseConnection.php(620): CodeIgniter\Database\BaseConnection->initialize()
#1 C:\xampp1\htdocs\apk_spp\vendor\codeigniter4\framework\system\Database\BaseBuilder.php(1866): CodeIgniter\Database\BaseConnection->query('SELECT *\nFROM `...', Array, false)
#2 C:\xampp1\htdocs\apk_spp\vendor\codeigniter4\framework\system\Model.php(174): CodeIgniter\Database\BaseBuilder->get()
#3 C:\xampp1\htdocs\apk_spp\vendor\codeigniter4\framework\system\BaseModel.php(518): CodeIgniter\Model->doFind(false, NULL)
#4 C:\xampp1\htdocs\apk_spp\app\Controllers\PetugasController.php(34): CodeIgniter\BaseModel->find()
#5 C:\xampp1\htdocs\apk_spp\vendor\codeigniter4\framework\system\CodeIgniter.php(935): App\Controllers\PetugasController->login()
#6 C:\xampp1\htdocs\apk_spp\vendor\codeigniter4\framework\system\CodeIgniter.php(431): CodeIgniter\CodeIgniter->runController(Object(App\Controllers\PetugasController))
#7 C:\xampp1\htdocs\apk_spp\vendor\codeigniter4\framework\system\CodeIgniter.php(332): CodeIgniter\CodeIgniter->handleRequest(NULL, Object(Config\Cache), false)
#8 C:\xampp1\htdocs\apk_spp\public\index.php(44): CodeIgniter\CodeIgniter->run()
#9 C:\xampp1\htdocs\apk_spp\vendor\codeigniter4\framework\system\Commands\Server\rewrite.php(45): require_once('C:\\xampp1\\htdoc...')
#10 {main}
ERROR - 2023-03-16 06:13:15 --> Error connecting to the database: Unknown database 'appspp_ci4'
CRITICAL - 2023-03-16 06:13:15 --> Unable to connect to the database.
#0 C:\xampp1\htdocs\apk_spp\vendor\codeigniter4\framework\system\Database\BaseConnection.php(620): CodeIgniter\Database\BaseConnection->initialize()
#1 C:\xampp1\htdocs\apk_spp\vendor\codeigniter4\framework\system\Database\BaseBuilder.php(1866): CodeIgniter\Database\BaseConnection->query('SELECT *\nFROM `...', Array, false)
#2 C:\xampp1\htdocs\apk_spp\vendor\codeigniter4\framework\system\Model.php(174): CodeIgniter\Database\BaseBuilder->get()
#3 C:\xampp1\htdocs\apk_spp\vendor\codeigniter4\framework\system\BaseModel.php(518): CodeIgniter\Model->doFind(false, NULL)
#4 C:\xampp1\htdocs\apk_spp\app\Controllers\Siswa.php(132): CodeIgniter\BaseModel->find()
#5 C:\xampp1\htdocs\apk_spp\vendor\codeigniter4\framework\system\CodeIgniter.php(935): App\Controllers\Siswa->loginSiswa()
#6 C:\xampp1\htdocs\apk_spp\vendor\codeigniter4\framework\system\CodeIgniter.php(431): CodeIgniter\CodeIgniter->runController(Object(App\Controllers\Siswa))
#7 C:\xampp1\htdocs\apk_spp\vendor\codeigniter4\framework\system\CodeIgniter.php(332): CodeIgniter\CodeIgniter->handleRequest(NULL, Object(Config\Cache), false)
#8 C:\xampp1\htdocs\apk_spp\public\index.php(44): CodeIgniter\CodeIgniter->run()
#9 C:\xampp1\htdocs\apk_spp\vendor\codeigniter4\framework\system\Commands\Server\rewrite.php(45): require_once('C:\\xampp1\\htdoc...')
#10 {main}
ERROR - 2023-03-16 06:17:36 --> Error connecting to the database: Unknown database 'appspp_ci4'
CRITICAL - 2023-03-16 06:17:36 --> Unable to connect to the database.
#0 C:\xampp1\htdocs\apk_spp\vendor\codeigniter4\framework\system\Database\BaseConnection.php(620): CodeIgniter\Database\BaseConnection->initialize()
#1 C:\xampp1\htdocs\apk_spp\vendor\codeigniter4\framework\system\Database\BaseBuilder.php(1866): CodeIgniter\Database\BaseConnection->query('SELECT *\nFROM `...', Array, false)
#2 C:\xampp1\htdocs\apk_spp\vendor\codeigniter4\framework\system\Model.php(174): CodeIgniter\Database\BaseBuilder->get()
#3 C:\xampp1\htdocs\apk_spp\vendor\codeigniter4\framework\system\BaseModel.php(518): CodeIgniter\Model->doFind(false, NULL)
#4 C:\xampp1\htdocs\apk_spp\app\Controllers\PetugasController.php(34): CodeIgniter\BaseModel->find()
#5 C:\xampp1\htdocs\apk_spp\vendor\codeigniter4\framework\system\CodeIgniter.php(935): App\Controllers\PetugasController->login()
#6 C:\xampp1\htdocs\apk_spp\vendor\codeigniter4\framework\system\CodeIgniter.php(431): CodeIgniter\CodeIgniter->runController(Object(App\Controllers\PetugasController))
#7 C:\xampp1\htdocs\apk_spp\vendor\codeigniter4\framework\system\CodeIgniter.php(332): CodeIgniter\CodeIgniter->handleRequest(NULL, Object(Config\Cache), false)
#8 C:\xampp1\htdocs\apk_spp\public\index.php(44): CodeIgniter\CodeIgniter->run()
#9 C:\xampp1\htdocs\apk_spp\vendor\codeigniter4\framework\system\Commands\Server\rewrite.php(45): require_once('C:\\xampp1\\htdoc...')
#10 {main}
ERROR - 2023-03-16 11:35:58 --> mysqli_sql_exception: Duplicate entry '001' for key 'PRIMARY' in C:\xampp1\htdocs\apk_spp\vendor\codeigniter4\framework\system\Database\MySQLi\Connection.php:314
Stack trace:
#0 C:\xampp1\htdocs\apk_spp\vendor\codeigniter4\framework\system\Database\MySQLi\Connection.php(314): mysqli->query('INSERT INTO `si...')
#1 C:\xampp1\htdocs\apk_spp\vendor\codeigniter4\framework\system\Database\BaseConnection.php(715): CodeIgniter\Database\MySQLi\Connection->execute('INSERT INTO `si...')
#2 C:\xampp1\htdocs\apk_spp\vendor\codeigniter4\framework\system\Database\BaseConnection.php(643): CodeIgniter\Database\BaseConnection->simpleQuery('INSERT INTO `si...')
#3 C:\xampp1\htdocs\apk_spp\vendor\codeigniter4\framework\system\Database\BaseBuilder.php(2265): CodeIgniter\Database\BaseConnection->query('INSERT INTO `si...', Array, false)
#4 C:\xampp1\htdocs\apk_spp\vendor\codeigniter4\framework\system\Model.php(278): CodeIgniter\Database\BaseBuilder->insert()
#5 C:\xampp1\htdocs\apk_spp\vendor\codeigniter4\framework\system\BaseModel.php(758): CodeIgniter\Model->doInsert(Array)
#6 C:\xampp1\htdocs\apk_spp\vendor\codeigniter4\framework\system\Model.php(705): CodeIgniter\BaseModel->insert(Array, true)
#7 C:\xampp1\htdocs\apk_spp\app\Controllers\Siswa.php(65): CodeIgniter\Model->insert(Array)
#8 C:\xampp1\htdocs\apk_spp\vendor\codeigniter4\framework\system\CodeIgniter.php(935): App\Controllers\Siswa->simpanSiswa()
#9 C:\xampp1\htdocs\apk_spp\vendor\codeigniter4\framework\system\CodeIgniter.php(431): CodeIgniter\CodeIgniter->runController(Object(App\Controllers\Siswa))
#10 C:\xampp1\htdocs\apk_spp\vendor\codeigniter4\framework\system\CodeIgniter.php(332): CodeIgniter\CodeIgniter->handleRequest(NULL, Object(Config\Cache), false)
#11 C:\xampp1\htdocs\apk_spp\public\index.php(44): CodeIgniter\CodeIgniter->run()
#12 C:\xampp1\htdocs\apk_spp\vendor\codeigniter4\framework\system\Commands\Server\rewrite.php(45): require_once('C:\\xampp1\\htdoc...')
#13 {main}
CRITICAL - 2023-03-16 11:35:58 --> Duplicate entry '001' for key 'PRIMARY'
#0 C:\xampp1\htdocs\apk_spp\vendor\codeigniter4\framework\system\Database\MySQLi\Connection.php(314): mysqli->query('INSERT INTO `si...')
#1 C:\xampp1\htdocs\apk_spp\vendor\codeigniter4\framework\system\Database\BaseConnection.php(715): CodeIgniter\Database\MySQLi\Connection->execute('INSERT INTO `si...')
#2 C:\xampp1\htdocs\apk_spp\vendor\codeigniter4\framework\system\Database\BaseConnection.php(643): CodeIgniter\Database\BaseConnection->simpleQuery('INSERT INTO `si...')
#3 C:\xampp1\htdocs\apk_spp\vendor\codeigniter4\framework\system\Database\BaseBuilder.php(2265): CodeIgniter\Database\BaseConnection->query('INSERT INTO `si...', Array, false)
#4 C:\xampp1\htdocs\apk_spp\vendor\codeigniter4\framework\system\Model.php(278): CodeIgniter\Database\BaseBuilder->insert()
#5 C:\xampp1\htdocs\apk_spp\vendor\codeigniter4\framework\system\BaseModel.php(758): CodeIgniter\Model->doInsert(Array)
#6 C:\xampp1\htdocs\apk_spp\vendor\codeigniter4\framework\system\Model.php(705): CodeIgniter\BaseModel->insert(Array, true)
#7 C:\xampp1\htdocs\apk_spp\app\Controllers\Siswa.php(65): CodeIgniter\Model->insert(Array)
#8 C:\xampp1\htdocs\apk_spp\vendor\codeigniter4\framework\system\CodeIgniter.php(935): App\Controllers\Siswa->simpanSiswa()
#9 C:\xampp1\htdocs\apk_spp\vendor\codeigniter4\framework\system\CodeIgniter.php(431): CodeIgniter\CodeIgniter->runController(Object(App\Controllers\Siswa))
#10 C:\xampp1\htdocs\apk_spp\vendor\codeigniter4\framework\system\CodeIgniter.php(332): CodeIgniter\CodeIgniter->handleRequest(NULL, Object(Config\Cache), false)
#11 C:\xampp1\htdocs\apk_spp\public\index.php(44): CodeIgniter\CodeIgniter->run()
#12 C:\xampp1\htdocs\apk_spp\vendor\codeigniter4\framework\system\Commands\Server\rewrite.php(45): require_once('C:\\xampp1\\htdoc...')
#13 {main}
CRITICAL - 2023-03-16 13:21:12 --> Unclosed '{' on line 82
#0 C:\xampp1\htdocs\apk_spp\vendor\codeigniter4\framework\system\View\View.php(222): CodeIgniter\View\View->CodeIgniter\View\{closure}()
#1 C:\xampp1\htdocs\apk_spp\vendor\codeigniter4\framework\system\View\View.php(468): CodeIgniter\View\View->render('Layout/Header', NULL, true)
#2 C:\xampp1\htdocs\apk_spp\app\Views\Dashboard.php(1): CodeIgniter\View\View->include('Layout/Header')
#3 C:\xampp1\htdocs\apk_spp\vendor\codeigniter4\framework\system\View\View.php(220): include('C:\\xampp1\\htdoc...')
#4 C:\xampp1\htdocs\apk_spp\vendor\codeigniter4\framework\system\View\View.php(222): CodeIgniter\View\View->CodeIgniter\View\{closure}()
#5 C:\xampp1\htdocs\apk_spp\vendor\codeigniter4\framework\system\View\View.php(236): CodeIgniter\View\View->render('Dashboard', Array, true)
#6 C:\xampp1\htdocs\apk_spp\vendor\codeigniter4\framework\system\Common.php(1217): CodeIgniter\View\View->render('Bayar/form-baya...', Array, true)
#7 C:\xampp1\htdocs\apk_spp\app\Controllers\Pembayaran.php(17): view('Bayar/form-baya...', Array)
#8 C:\xampp1\htdocs\apk_spp\vendor\codeigniter4\framework\system\CodeIgniter.php(935): App\Controllers\Pembayaran->index()
#9 C:\xampp1\htdocs\apk_spp\vendor\codeigniter4\framework\system\CodeIgniter.php(431): CodeIgniter\CodeIgniter->runController(Object(App\Controllers\Pembayaran))
#10 C:\xampp1\htdocs\apk_spp\vendor\codeigniter4\framework\system\CodeIgniter.php(332): CodeIgniter\CodeIgniter->handleRequest(NULL, Object(Config\Cache), false)
#11 C:\xampp1\htdocs\apk_spp\public\index.php(44): CodeIgniter\CodeIgniter->run()
#12 C:\xampp1\htdocs\apk_spp\vendor\codeigniter4\framework\system\Commands\Server\rewrite.php(45): require_once('C:\\xampp1\\htdoc...')
#13 {main}
CRITICAL - 2023-03-16 13:22:03 --> Unclosed '{' on line 82
#0 C:\xampp1\htdocs\apk_spp\vendor\codeigniter4\framework\system\View\View.php(222): CodeIgniter\View\View->CodeIgniter\View\{closure}()
#1 C:\xampp1\htdocs\apk_spp\vendor\codeigniter4\framework\system\View\View.php(468): CodeIgniter\View\View->render('Layout/Header', NULL, true)
#2 C:\xampp1\htdocs\apk_spp\app\Views\Dashboard.php(1): CodeIgniter\View\View->include('Layout/Header')
#3 C:\xampp1\htdocs\apk_spp\vendor\codeigniter4\framework\system\View\View.php(220): include('C:\\xampp1\\htdoc...')
#4 C:\xampp1\htdocs\apk_spp\vendor\codeigniter4\framework\system\View\View.php(222): CodeIgniter\View\View->CodeIgniter\View\{closure}()
#5 C:\xampp1\htdocs\apk_spp\vendor\codeigniter4\framework\system\View\View.php(236): CodeIgniter\View\View->render('Dashboard', Array, true)
#6 C:\xampp1\htdocs\apk_spp\vendor\codeigniter4\framework\system\Common.php(1217): CodeIgniter\View\View->render('Bayar/form-baya...', Array, true)
#7 C:\xampp1\htdocs\apk_spp\app\Controllers\Pembayaran.php(17): view('Bayar/form-baya...', Array)
#8 C:\xampp1\htdocs\apk_spp\vendor\codeigniter4\framework\system\CodeIgniter.php(935): App\Controllers\Pembayaran->index()
#9 C:\xampp1\htdocs\apk_spp\vendor\codeigniter4\framework\system\CodeIgniter.php(431): CodeIgniter\CodeIgniter->runController(Object(App\Controllers\Pembayaran))
#10 C:\xampp1\htdocs\apk_spp\vendor\codeigniter4\framework\system\CodeIgniter.php(332): CodeIgniter\CodeIgniter->handleRequest(NULL, Object(Config\Cache), false)
#11 C:\xampp1\htdocs\apk_spp\public\index.php(44): CodeIgniter\CodeIgniter->run()
#12 C:\xampp1\htdocs\apk_spp\vendor\codeigniter4\framework\system\Commands\Server\rewrite.php(45): require_once('C:\\xampp1\\htdoc...')
#13 {main}
CRITICAL - 2023-03-16 13:22:07 --> Unclosed '{' on line 82
#0 C:\xampp1\htdocs\apk_spp\vendor\codeigniter4\framework\system\View\View.php(222): CodeIgniter\View\View->CodeIgniter\View\{closure}()
#1 C:\xampp1\htdocs\apk_spp\vendor\codeigniter4\framework\system\View\View.php(468): CodeIgniter\View\View->render('Layout/Header', NULL, true)
#2 C:\xampp1\htdocs\apk_spp\app\Views\Dashboard.php(1): CodeIgniter\View\View->include('Layout/Header')
#3 C:\xampp1\htdocs\apk_spp\vendor\codeigniter4\framework\system\View\View.php(220): include('C:\\xampp1\\htdoc...')
#4 C:\xampp1\htdocs\apk_spp\vendor\codeigniter4\framework\system\View\View.php(222): CodeIgniter\View\View->CodeIgniter\View\{closure}()
#5 C:\xampp1\htdocs\apk_spp\vendor\codeigniter4\framework\system\View\View.php(236): CodeIgniter\View\View->render('Dashboard', Array, true)
#6 C:\xampp1\htdocs\apk_spp\vendor\codeigniter4\framework\system\Common.php(1217): CodeIgniter\View\View->render('Bayar/form-baya...', Array, true)
#7 C:\xampp1\htdocs\apk_spp\app\Controllers\Pembayaran.php(17): view('Bayar/form-baya...', Array)
#8 C:\xampp1\htdocs\apk_spp\vendor\codeigniter4\framework\system\CodeIgniter.php(935): App\Controllers\Pembayaran->index()
#9 C:\xampp1\htdocs\apk_spp\vendor\codeigniter4\framework\system\CodeIgniter.php(431): CodeIgniter\CodeIgniter->runController(Object(App\Controllers\Pembayaran))
#10 C:\xampp1\htdocs\apk_spp\vendor\codeigniter4\framework\system\CodeIgniter.php(332): CodeIgniter\CodeIgniter->handleRequest(NULL, Object(Config\Cache), false)
#11 C:\xampp1\htdocs\apk_spp\public\index.php(44): CodeIgniter\CodeIgniter->run()
#12 C:\xampp1\htdocs\apk_spp\vendor\codeigniter4\framework\system\Commands\Server\rewrite.php(45): require_once('C:\\xampp1\\htdoc...')
#13 {main}
CRITICAL - 2023-03-16 14:08:01 --> Undefined array key "sisa_bayar"
#0 C:\xampp1\htdocs\apk_spp\app\Views\Home\HistoriBayar.php(26): CodeIgniter\Debug\Exceptions->errorHandler(2, 'Undefined array...', 'C:\\xampp1\\htdoc...', 26)
#1 C:\xampp1\htdocs\apk_spp\vendor\codeigniter4\framework\system\View\View.php(220): include('C:\\xampp1\\htdoc...')
#2 C:\xampp1\htdocs\apk_spp\vendor\codeigniter4\framework\system\View\View.php(222): CodeIgniter\View\View->CodeIgniter\View\{closure}()
#3 C:\xampp1\htdocs\apk_spp\vendor\codeigniter4\framework\system\Common.php(1217): CodeIgniter\View\View->render('/Home/HistoriBa...', Array, true)
#4 C:\xampp1\htdocs\apk_spp\app\Controllers\Siswa.php(165): view('/Home/HistoriBa...', Array)
#5 C:\xampp1\htdocs\apk_spp\vendor\codeigniter4\framework\system\CodeIgniter.php(935): App\Controllers\Siswa->historiPembayaran()
#6 C:\xampp1\htdocs\apk_spp\vendor\codeigniter4\framework\system\CodeIgniter.php(431): CodeIgniter\CodeIgniter->runController(Object(App\Controllers\Siswa))
#7 C:\xampp1\htdocs\apk_spp\vendor\codeigniter4\framework\system\CodeIgniter.php(332): CodeIgniter\CodeIgniter->handleRequest(NULL, Object(Config\Cache), false)
#8 C:\xampp1\htdocs\apk_spp\public\index.php(44): CodeIgniter\CodeIgniter->run()
#9 C:\xampp1\htdocs\apk_spp\vendor\codeigniter4\framework\system\Commands\Server\rewrite.php(45): require_once('C:\\xampp1\\htdoc...')
#10 {main}
