ERROR - 2023-03-06 07:31:46 --> Error connecting to the database: Access denied for user ''@'localhost' (using password: NO)
CRITICAL - 2023-03-06 07:31:46 --> Unable to connect to the database.
#0 C:\xampp\htdocs\apk_spp\vendor\codeigniter4\framework\system\Database\BaseConnection.php(620): CodeIgniter\Database\BaseConnection->initialize()
#1 C:\xampp\htdocs\apk_spp\vendor\codeigniter4\framework\system\Database\BaseBuilder.php(1866): CodeIgniter\Database\BaseConnection->query('SELECT *\nFROM `...', Array, false)
#2 C:\xampp\htdocs\apk_spp\vendor\codeigniter4\framework\system\Model.php(174): CodeIgniter\Database\BaseBuilder->get()
#3 C:\xampp\htdocs\apk_spp\vendor\codeigniter4\framework\system\BaseModel.php(518): CodeIgniter\Model->doFind(false, NULL)
#4 C:\xampp\htdocs\apk_spp\app\Controllers\Siswa.php(132): CodeIgniter\BaseModel->find()
#5 C:\xampp\htdocs\apk_spp\vendor\codeigniter4\framework\system\CodeIgniter.php(935): App\Controllers\Siswa->loginSiswa()
#6 C:\xampp\htdocs\apk_spp\vendor\codeigniter4\framework\system\CodeIgniter.php(431): CodeIgniter\CodeIgniter->runController(Object(App\Controllers\Siswa))
#7 C:\xampp\htdocs\apk_spp\vendor\codeigniter4\framework\system\CodeIgniter.php(332): CodeIgniter\CodeIgniter->handleRequest(NULL, Object(Config\Cache), false)
#8 C:\xampp\htdocs\apk_spp\public\index.php(44): CodeIgniter\CodeIgniter->run()
#9 C:\xampp\htdocs\apk_spp\vendor\codeigniter4\framework\system\Commands\Server\rewrite.php(45): require_once('C:\\xampp\\htdocs...')
#10 {main}
ERROR - 2023-03-06 07:33:52 --> Error connecting to the database: Access denied for user ''@'localhost' (using password: NO)
CRITICAL - 2023-03-06 07:33:52 --> Unable to connect to the database.
#0 C:\xampp\htdocs\apk_spp\vendor\codeigniter4\framework\system\Database\BaseConnection.php(620): CodeIgniter\Database\BaseConnection->initialize()
#1 C:\xampp\htdocs\apk_spp\vendor\codeigniter4\framework\system\Database\BaseBuilder.php(1866): CodeIgniter\Database\BaseConnection->query('SELECT *\nFROM `...', Array, false)
#2 C:\xampp\htdocs\apk_spp\vendor\codeigniter4\framework\system\Model.php(174): CodeIgniter\Database\BaseBuilder->get()
#3 C:\xampp\htdocs\apk_spp\vendor\codeigniter4\framework\system\BaseModel.php(518): CodeIgniter\Model->doFind(false, NULL)
#4 C:\xampp\htdocs\apk_spp\app\Controllers\Siswa.php(132): CodeIgniter\BaseModel->find()
#5 C:\xampp\htdocs\apk_spp\vendor\codeigniter4\framework\system\CodeIgniter.php(935): App\Controllers\Siswa->loginSiswa()
#6 C:\xampp\htdocs\apk_spp\vendor\codeigniter4\framework\system\CodeIgniter.php(431): CodeIgniter\CodeIgniter->runController(Object(App\Controllers\Siswa))
#7 C:\xampp\htdocs\apk_spp\vendor\codeigniter4\framework\system\CodeIgniter.php(332): CodeIgniter\CodeIgniter->handleRequest(NULL, Object(Config\Cache), false)
#8 C:\xampp\htdocs\apk_spp\public\index.php(44): CodeIgniter\CodeIgniter->run()
#9 C:\xampp\htdocs\apk_spp\vendor\codeigniter4\framework\system\Commands\Server\rewrite.php(45): require_once('C:\\xampp\\htdocs...')
#10 {main}
ERROR - 2023-03-06 07:35:44 --> Error connecting to the database: Access denied for user ''@'localhost' (using password: NO)
CRITICAL - 2023-03-06 07:35:44 --> Unable to connect to the database.
#0 C:\xampp\htdocs\apk_spp\vendor\codeigniter4\framework\system\Database\BaseConnection.php(620): CodeIgniter\Database\BaseConnection->initialize()
#1 C:\xampp\htdocs\apk_spp\vendor\codeigniter4\framework\system\Database\BaseBuilder.php(1866): CodeIgniter\Database\BaseConnection->query('SELECT *\nFROM `...', Array, false)
#2 C:\xampp\htdocs\apk_spp\vendor\codeigniter4\framework\system\Model.php(174): CodeIgniter\Database\BaseBuilder->get()
#3 C:\xampp\htdocs\apk_spp\vendor\codeigniter4\framework\system\BaseModel.php(518): CodeIgniter\Model->doFind(false, NULL)
#4 C:\xampp\htdocs\apk_spp\app\Controllers\Siswa.php(132): CodeIgniter\BaseModel->find()
#5 C:\xampp\htdocs\apk_spp\vendor\codeigniter4\framework\system\CodeIgniter.php(935): App\Controllers\Siswa->loginSiswa()
#6 C:\xampp\htdocs\apk_spp\vendor\codeigniter4\framework\system\CodeIgniter.php(431): CodeIgniter\CodeIgniter->runController(Object(App\Controllers\Siswa))
#7 C:\xampp\htdocs\apk_spp\vendor\codeigniter4\framework\system\CodeIgniter.php(332): CodeIgniter\CodeIgniter->handleRequest(NULL, Object(Config\Cache), false)
#8 C:\xampp\htdocs\apk_spp\public\index.php(44): CodeIgniter\CodeIgniter->run()
#9 C:\xampp\htdocs\apk_spp\vendor\codeigniter4\framework\system\Commands\Server\rewrite.php(45): require_once('C:\\xampp\\htdocs...')
#10 {main}
